nohup: ignoring input
Starting a Gradle Daemon, 1 busy Daemon could not be reused, use --status for details

> Task :compileJava
/data/CICD-BE/src/main/java/com/codecrafter/WebAppManagerRoomGymBE/configsecurity/security/WebSecurityConfig.java:43: warning: [removal] cors() in HttpSecurity has been deprecated and marked for removal
                .cors() // Bật CORS
                ^
/data/CICD-BE/src/main/java/com/codecrafter/WebAppManagerRoomGymBE/configsecurity/security/WebSecurityConfig.java:44: warning: [removal] and() in SecurityConfigurerAdapter has been deprecated and marked for removal
                .and()
                ^
  where B,O are type-variables:
    B extends SecurityBuilder<O> declared in class SecurityConfigurerAdapter
    O extends Object declared in class SecurityConfigurerAdapter
/data/CICD-BE/src/main/java/com/codecrafter/WebAppManagerRoomGymBE/configsecurity/security/WebSecurityConfig.java:45: warning: [removal] csrf() in HttpSecurity has been deprecated and marked for removal
                .csrf().disable()
                ^
/data/CICD-BE/src/main/java/com/codecrafter/WebAppManagerRoomGymBE/configsecurity/security/WebSecurityConfig.java:46: warning: [removal] sessionManagement() in HttpSecurity has been deprecated and marked for removal
                .sessionManagement().sessionCreationPolicy(SessionCreationPolicy.STATELESS)
                ^
/data/CICD-BE/src/main/java/com/codecrafter/WebAppManagerRoomGymBE/configsecurity/security/WebSecurityConfig.java:47: warning: [removal] and() in SecurityConfigurerAdapter has been deprecated and marked for removal
                .and()
                ^
  where B,O are type-variables:
    B extends SecurityBuilder<O> declared in class SecurityConfigurerAdapter
    O extends Object declared in class SecurityConfigurerAdapter
/data/CICD-BE/src/main/java/com/codecrafter/WebAppManagerRoomGymBE/configsecurity/security/WebSecurityConfig.java:48: warning: [removal] formLogin() in HttpSecurity has been deprecated and marked for removal
                .formLogin().disable()
                ^
Note: /data/CICD-BE/src/main/java/com/codecrafter/WebAppManagerRoomGymBE/api/DoanhThuAPI.java uses unchecked or unsafe operations.
Note: Recompile with -Xlint:unchecked for details.
6 warnings

> Task :processResources
> Task :classes
> Task :resolveMainClassName

> Task :bootRun

  .   ____          _            __ _ _
 /\\ / ___'_ __ _ _(_)_ __  __ _ \ \ \ \
( ( )\___ | '_ | '_| | '_ \/ _` | \ \ \ \
 \\/  ___)| |_)| | | | | || (_| |  ) ) ) )
  '  |____| .__|_| |_|_| |_\__, | / / / /
 =========|_|==============|___/=/_/_/_/

 :: Spring Boot ::                (v3.3.4)

2025-04-09T02:19:27.501Z  INFO 3845 --- [WebAppManagerRoomGymBE] [  restartedMain] c.c.W.WebAppManagerRoomGymBeApplication  : Starting WebAppManagerRoomGymBeApplication using Java 17.0.14 with PID 3845 (/data/CICD-BE/build/classes/java/main started by root in /data/CICD-BE)
2025-04-09T02:19:27.505Z  INFO 3845 --- [WebAppManagerRoomGymBE] [  restartedMain] c.c.W.WebAppManagerRoomGymBeApplication  : No active profile set, falling back to 1 default profile: "default"
2025-04-09T02:19:27.565Z  INFO 3845 --- [WebAppManagerRoomGymBE] [  restartedMain] .e.DevToolsPropertyDefaultsPostProcessor : Devtools property defaults active! Set 'spring.devtools.add-properties' to 'false' to disable
2025-04-09T02:19:27.565Z  INFO 3845 --- [WebAppManagerRoomGymBE] [  restartedMain] .e.DevToolsPropertyDefaultsPostProcessor : For additional web related logging consider setting the 'logging.level.web' property to 'DEBUG'
2025-04-09T02:19:28.625Z  INFO 3845 --- [WebAppManagerRoomGymBE] [  restartedMain] .s.d.r.c.RepositoryConfigurationDelegate : Bootstrapping Spring Data JPA repositories in DEFAULT mode.
2025-04-09T02:19:28.732Z  INFO 3845 --- [WebAppManagerRoomGymBE] [  restartedMain] .s.d.r.c.RepositoryConfigurationDelegate : Finished Spring Data repository scanning in 99 ms. Found 12 JPA repository interfaces.
2025-04-09T02:19:29.388Z  INFO 3845 --- [WebAppManagerRoomGymBE] [  restartedMain] o.s.b.w.embedded.tomcat.TomcatWebServer  : Tomcat initialized with port 8085 (http)
2025-04-09T02:19:29.403Z  INFO 3845 --- [WebAppManagerRoomGymBE] [  restartedMain] o.apache.catalina.core.StandardService   : Starting service [Tomcat]
2025-04-09T02:19:29.403Z  INFO 3845 --- [WebAppManagerRoomGymBE] [  restartedMain] o.apache.catalina.core.StandardEngine    : Starting Servlet engine: [Apache Tomcat/10.1.30]
2025-04-09T02:19:29.453Z  INFO 3845 --- [WebAppManagerRoomGymBE] [  restartedMain] o.a.c.c.C.[Tomcat].[localhost].[/]       : Initializing Spring embedded WebApplicationContext
2025-04-09T02:19:29.455Z  INFO 3845 --- [WebAppManagerRoomGymBE] [  restartedMain] w.s.c.ServletWebServerApplicationContext : Root WebApplicationContext: initialization completed in 1889 ms
2025-04-09T02:19:29.646Z  INFO 3845 --- [WebAppManagerRoomGymBE] [  restartedMain] o.hibernate.jpa.internal.util.LogHelper  : HHH000204: Processing PersistenceUnitInfo [name: default]
2025-04-09T02:19:29.697Z  INFO 3845 --- [WebAppManagerRoomGymBE] [  restartedMain] org.hibernate.Version                    : HHH000412: Hibernate ORM core version 6.5.3.Final
2025-04-09T02:19:29.728Z  INFO 3845 --- [WebAppManagerRoomGymBE] [  restartedMain] o.h.c.internal.RegionFactoryInitiator    : HHH000026: Second-level cache disabled
2025-04-09T02:19:30.008Z  INFO 3845 --- [WebAppManagerRoomGymBE] [  restartedMain] o.s.o.j.p.SpringPersistenceUnitInfo      : No LoadTimeWeaver setup: ignoring JPA class transformer
2025-04-09T02:19:30.035Z  INFO 3845 --- [WebAppManagerRoomGymBE] [  restartedMain] com.zaxxer.hikari.HikariDataSource       : HikariPool-1 - Starting...
2025-04-09T02:19:30.344Z  INFO 3845 --- [WebAppManagerRoomGymBE] [  restartedMain] com.zaxxer.hikari.pool.HikariPool        : HikariPool-1 - Added connection org.postgresql.jdbc.PgConnection@2ab94f7d
2025-04-09T02:19:30.346Z  INFO 3845 --- [WebAppManagerRoomGymBE] [  restartedMain] com.zaxxer.hikari.HikariDataSource       : HikariPool-1 - Start completed.
2025-04-09T02:19:30.375Z  WARN 3845 --- [WebAppManagerRoomGymBE] [  restartedMain] org.hibernate.orm.deprecation            : HHH90000025: PostgreSQLDialect does not need to be specified explicitly using 'hibernate.dialect' (remove the property setting and it will be selected by default)
2025-04-09T02:19:31.611Z  INFO 3845 --- [WebAppManagerRoomGymBE] [  restartedMain] o.h.e.t.j.p.i.JtaPlatformInitiator       : HHH000489: No JTA platform available (set 'hibernate.transaction.jta.platform' to enable JTA platform integration)
Hibernate: alter table if exists gym_thanh_vien alter column du_lieu_qr_dinh_danh set data type TEXT
2025-04-09T02:19:31.848Z  INFO 3845 --- [WebAppManagerRoomGymBE] [  restartedMain] j.LocalContainerEntityManagerFactoryBean : Initialized JPA EntityManagerFactory for persistence unit 'default'
2025-04-09T02:19:32.216Z  INFO 3845 --- [WebAppManagerRoomGymBE] [  restartedMain] o.s.d.j.r.query.QueryEnhancerFactory     : Hibernate is in classpath; If applicable, HQL parser will be used.
2025-04-09T02:19:32.882Z  WARN 3845 --- [WebAppManagerRoomGymBE] [  restartedMain] JpaBaseConfiguration$JpaWebConfiguration : spring.jpa.open-in-view is enabled by default. Therefore, database queries may be performed during view rendering. Explicitly configure spring.jpa.open-in-view to disable this warning
2025-04-09T02:19:32.920Z  INFO 3845 --- [WebAppManagerRoomGymBE] [  restartedMain] r$InitializeUserDetailsManagerConfigurer : Global AuthenticationManager configured with UserDetailsService bean with name customUserDetailService
2025-04-09T02:19:33.529Z  WARN 3845 --- [WebAppManagerRoomGymBE] [  restartedMain] o.s.b.a.f.FreeMarkerAutoConfiguration    : Cannot find template location: [classpath:/templates/] (please add some templates, check your FreeMarker configuration, or set spring.freemarker.check-template-location=false)
2025-04-09T02:19:33.585Z  WARN 3845 --- [WebAppManagerRoomGymBE] [  restartedMain] o.s.b.d.a.OptionalLiveReloadServer       : Unable to start LiveReload server
2025-04-09T02:19:33.614Z  WARN 3845 --- [WebAppManagerRoomGymBE] [  restartedMain] ConfigServletWebServerApplicationContext : Exception encountered during context initialization - cancelling refresh attempt: org.springframework.context.ApplicationContextException: Failed to start bean 'webServerStartStop'
2025-04-09T02:19:33.619Z  INFO 3845 --- [WebAppManagerRoomGymBE] [  restartedMain] j.LocalContainerEntityManagerFactoryBean : Closing JPA EntityManagerFactory for persistence unit 'default'
2025-04-09T02:19:33.623Z  INFO 3845 --- [WebAppManagerRoomGymBE] [  restartedMain] com.zaxxer.hikari.HikariDataSource       : HikariPool-1 - Shutdown initiated...
2025-04-09T02:19:33.634Z  INFO 3845 --- [WebAppManagerRoomGymBE] [  restartedMain] com.zaxxer.hikari.HikariDataSource       : HikariPool-1 - Shutdown completed.
2025-04-09T02:19:33.653Z  INFO 3845 --- [WebAppManagerRoomGymBE] [  restartedMain] .s.b.a.l.ConditionEvaluationReportLogger : 

Error starting ApplicationContext. To display the condition evaluation report re-run your application with 'debug' enabled.
2025-04-09T02:19:33.672Z ERROR 3845 --- [WebAppManagerRoomGymBE] [  restartedMain] o.s.b.d.LoggingFailureAnalysisReporter   : 

***************************
APPLICATION FAILED TO START
***************************

Description:

Web server failed to start. Port 8085 was already in use.

Action:

Identify and stop the process that's listening on port 8085 or configure this application to listen on another port.


BUILD SUCCESSFUL in 25s
4 actionable tasks: 4 executed
